1627956581854	geckodriver	INFO	Listening on 127.0.0.1:51620
1627956584926	mozrunner::runner	INFO	Running command: "C:\\Program Files\\Mozilla Firefox\\firefox.exe" "--marionette" "-foreground" "-no-remote" "-profile" "C:\\Users\\vazqu\\AppData\\Local\\Temp\\rust_mozprofilegQh15q"
1627956585624	Marionette	INFO	Marionette enabled
console.warn: SearchSettings: "get: No settings file exists, new profile?" (new NotFoundError("Could not open the file at C:\\Users\\vazqu\\AppData\\Local\\Temp\\rust_mozprofilegQh15q\\search.json.mozlz4", (void 0)))
1627956587490	Marionette	INFO	Listening on port 51629
1627956587713	Marionette	WARN	TLS certificate errors will be ignored for this session
JavaScript error: https://twitter.com/login, line 131: ChunkLoadError: Loading chunk 253 failed.
(error: https://abs.twimg.com/responsive-web/client-web/ondemand.emoji.en.2abf7eb5.js)
1627956650389	Marionette	INFO	Stopped listening on port 51629

###!!! [Child][RunMessage] Error: Channel closing: too late to send/recv, messages will be lost

"--marionette" "-foreground" "-no-remote" "-profile" "C:\\Users\\vazqu\\AppData\\Local\\Temp\\rust_mozprofileHN2fcB"
1627956644968	Marionette	INFO	Marionette enabled
console.warn: SearchSettings: "get: No settings file exists, new profile?" (new NotFoundError("Could not open the file at C:\\Users\\vazqu\\AppData\\Local\\Temp\\rust_mozprofileHN2fcB\\search.json.mozlz4", (void 0)))
1627956646723	Marionette	INFO	Listening on port 63215
1627956646834	Marionette	WARN	TLS certificate errors will be ignored for this session
console.error: services.settings: 
  main/doh-providers Signature failed  InvalidSignatureError: Invalid content signature (main/doh-providers)
console.error: services.settings: 
  main/doh-providers local data was corrupted
console.warn: services.settings: main/doh-providers Signature verified failed. Retry from scratch
console.error: services.settings: 
  main/doh-config Signature failed  InvalidSignatureError: Invalid content signature (main/doh-config)
console.error: services.settings: 
  main/doh-config local data was corrupted
console.warn: services.settings: main/doh-config Signature verified failed. Retry from scratch
console.log: WebExtensions: reset-default-search: starting.
console.log: WebExtensions: reset-default-search: No addons in our list are installed.
console.error: (new TypeError("parent is null", "resource://devtools/client/inspector/shared/style-change-tracker.js", 67))
TypeError: parent is null: canMutationImpactCurrentStyles@resource://devtools/client/inspector/shared/style-change-tracker.js:67:24
onMutations@resource://devtools/client/inspector/shared/style-change-tracker.js:84:41
_emit@resource://devtools/shared/event-emitter.js:226:34
emit@resource://devtools/shared/event-emitter.js:172:18
emit@resource://devtools/shared/event-emitter.js:324:18
getMutations@resource://devtools/client/fronts/walker.js:311:10

console.error: (new TypeError("container.node.targetFront is null", "resource://devtools/client/inspector/markup/markup.js", 2309))
console.error: (new TypeError("container.node.targetFront is null", "resource://devtools/client/inspector/markup/markup.js", 2309))
console.error: (new TypeError("container.node.targetFront is null", "resource://devtools/client/inspector/markup/markup.js", 2309))
console.error: (new TypeError("container.node.targetFront is null", "resource://devtools/client/inspector/markup/markup.js", 2309))
[Parent 57444, IPC I/O Parent] WARNING: file /builds/worker/checkouts/gecko/ipc/chromium/src/base/process_util_win.cc:167
1627962631356	Marionette	INFO	Stopped listening on port 63215
te	INFO	Stopped listening on port 64932

###!!! [Child][RunMessage] Error: Channel closing: too late to send/recv, messages will be lost

"--marionette" "-foreground" "-no-remote" "-profile" "C:\\Users\\vazqu\\AppData\\Local\\Temp\\rust_mozprofileLj7CMe"
1627956969091	Marionette	INFO	Marionette enabled
console.warn: SearchSettings: "get: No settings file exists, new profile?" (new NotFoundError("Could not open the file at C:\\Users\\vazqu\\AppData\\Local\\Temp\\rust_mozprofileLj7CMe\\search.json.mozlz4", (void 0)))
1627956971142	Marionette	INFO	Listening on port 59076
1627956971329	Marionette	WARN	TLS certificate errors will be ignored for this session
1627957062054	Marionette	INFO	Stopped listening on port 59076

###!!! [Child][RunMessage] Error: Channel closing: too late to send/recv, messages will be lost

"--marionette" "-foreground" "-no-remote" "-profile" "C:\\Users\\vazqu\\AppData\\Local\\Temp\\rust_mozprofileQ0Au8o"
1627957036156	Marionette	INFO	Marionette enabled
console.warn: SearchSettings: "get: No settings file exists, new profile?" (new NotFoundError("Could not open the file at C:\\Users\\vazqu\\AppData\\Local\\Temp\\rust_mozprofileQ0Au8o\\search.json.mozlz4", (void 0)))
1627957038206	Marionette	INFO	Listening on port 65169
1627957038526	Marionette	WARN	TLS certificate errors will be ignored for this session
[Child 59452, IPC I/O Child] WARNING: pipe error: 232: file /builds/worker/checkouts/gecko/ipc/chromium/src/chrome/common/ipc_channel_win.cc:544
1627957120351	Marionette	INFO	Stopped listening on port 65169

###!!! [Child][RunMessage] Error: Channel closing: too late to send/recv, messages will be lost

	Marionette enabled
console.warn: SearchSettings: "get: No settings file exists, new profile?" (new NotFoundError("Could not open the file at C:\\Users\\vazqu\\AppData\\Local\\Temp\\rust_mozprofileZclFaA\\search.json.mozlz4", (void 0)))
1627957122463	Marionette	INFO	Listening on port 54429
1627957122839	Marionette	WARN	TLS certificate errors will be ignored for this session
JavaScript error: https://twitter.com/, line 131: ChunkLoadError: Loading chunk 21 failed.
(error: https://abs.twimg.com/responsive-web/client-web/shared~ondemand.EmojiPickerData~ondemand.EmojiPicker.760cff75.js)
console.error: services.settings: 
  main/doh-providers Signature failed  InvalidSignatureError: Invalid content signature (main/doh-providers)
console.error: services.settings: 
  main/doh-providers local data was corrupted
console.warn: services.settings: main/doh-providers Signature verified failed. Retry from scratch
console.error: services.settings: 
  main/doh-config Signature failed  InvalidSignatureError: Invalid content signature (main/doh-config)
console.error: services.settings: 
  main/doh-config local data was corrupted
console.warn: services.settings: main/doh-config Signature verified failed. Retry from scratch
1627957543838	Marionette	INFO	Stopped listening on port 54429

###!!! [Child][RunMessage] Error: Channel closing: too late to send/recv, messages will be lost

\\Program Files\\Mozilla Firefox\\firefox.exe" "--marionette" "-foreground" "-no-remote" "-profile" "C:\\Users\\vazqu\\AppData\\Local\\Temp\\rust_mozprofileCUu4yQ"
1627957395976	Marionette	INFO	Marionette enabled
console.warn: SearchSettings: "get: No settings file exists, new profile?" (new NotFoundError("Could not open the file at C:\\Users\\vazqu\\AppData\\Local\\Temp\\rust_mozprofileCUu4yQ\\search.json.mozlz4", (void 0)))
1627957397649	Marionette	INFO	Listening on port 60185
1627957397737	Marionette	WARN	TLS certificate errors will be ignored for this session
1627957477875	Marionette	INFO	Stopped listening on port 60185
1627957535003	geckodriver	INFO	Listening on 127.0.0.1:63207
1627957538076	mozrunner::runner	INFO	Running command: "C:\\Program Files\\Mozilla Firefox\\firefox.exe" "--marionette" "-foreground" "-no-remote" "-profile" "C:\\Users\\vazqu\\AppData\\Local\\Temp\\rust_mozprofileWfQs0y"
1627957538391	Marionette	INFO	Marionette enabled
console.warn: SearchSettings: "get: No settings file exists, new profile?" (new NotFoundError("Could not open the file at C:\\Users\\vazqu\\AppData\\Local\\Temp\\rust_mozprofileWfQs0y\\search.json.mozlz4", (void 0)))
1627957540085	Marionette	INFO	Listening on port 63227
1627957540162	Marionette	WARN	TLS certificate errors will be ignored for this session
console.error: "Error while calling actor 'pagestyle's method 'getLayout'" "node is null"
console.error: (new TypeError("node is null", "resource://devtools/server/actors/page-style.js", 1001))
console.error: (new Error("Protocol error (TypeError): node is null from: server0.conn0.child4/pagestyle24 (resource://devtools/server/actors/page-style.js:1001:5)", "resource://devtools/shared/protocol/Front.js", 365))
1627957670015	Marionette	INFO	Stopped listening on port 63227

###!!! [Child][RunMessage] Error: Channel closing: too late to send/recv, messages will be lost

"--marionette" "-foreground" "-no-remote" "-profile" "C:\\Users\\vazqu\\AppData\\Local\\Temp\\rust_mozprofileEnigLE"
1627957637665	Marionette	INFO	Marionette enabled
console.warn: SearchSettings: "get: No settings file exists, new profile?" (new NotFoundError("Could not open the file at C:\\Users\\vazqu\\AppData\\Local\\Temp\\rust_mozprofileEnigLE\\search.json.mozlz4", (void 0)))
1627957639303	Marionette	INFO	Listening on port 57624
1627957639443	Marionette	WARN	TLS certificate errors will be ignored for this session
1627957980832	Marionette	INFO	Stopped listening on port 57624
7957671020	mozrunner::runner	INFO	Running command: "C:\\Program Files\\Mozilla Firefox\\firefox.exe" "--marionette" "-foreground" "-no-remote" "-profile" "C:\\Users\\vazqu\\AppData\\Local\\Temp\\rust_mozprofilegb2Jec"
1627957671395	Marionette	INFO	Marionette enabled
console.warn: SearchSettings: "get: No settings file exists, new profile?" (new NotFoundError("Could not open the file at C:\\Users\\vazqu\\AppData\\Local\\Temp\\rust_mozprofilegb2Jec\\search.json.mozlz4", (void 0)))
1627957672965	Marionette	INFO	Listening on port 60661
1627957673108	Marionette	WARN	TLS certificate errors will be ignored for this session

###!!! [Child][RunMessage] Error: Channel closing: too late to send/recv, messages will be lost

1627957745564	Marionette	INFO	Stopped listening on port 60661

###!!! [Child][RunMessage] Error: Channel closing: too late to send/recv, messages will be lost

1627957978310	geckodriver	INFO	Listening on 127.0.0.1:59782
1627957981381	mozrunner::runner	INFO	Running command: "C:\\Program Files\\Mozilla Firefox\\firefox.exe" "--marionette" "-foreground" "-no-remote" "-profile" "C:\\Users\\vazqu\\AppData\\Local\\Temp\\rust_mozprofileqzLr0Q"
1627957981718	Marionette	INFO	Marionette enabled
console.warn: SearchSettings: "get: No settings file exists, new profile?" (new NotFoundError("Could not open the file at C:\\Users\\vazqu\\AppData\\Local\\Temp\\rust_mozprofileqzLr0Q\\search.json.mozlz4", (void 0)))
1627957983355	Marionette	INFO	Listening on port 59790
1627957983442	Marionette	WARN	TLS certificate errors will be ignored for this session
1627958242394	Marionette	INFO	Stopped listening on port 59790

###!!! [Child][RunMessage] Error: Channel closing: too late to send/recv, messages will be lost

"--marionette" "-foreground" "-no-remote" "-profile" "C:\\Users\\vazqu\\AppData\\Local\\Temp\\rust_mozprofileNRe9pb"
1627958095589	Marionette	INFO	Marionette enabled
console.warn: SearchSettings: "get: No settings file exists, new profile?" (new NotFoundError("Could not open the file at C:\\Users\\vazqu\\AppData\\Local\\Temp\\rust_mozprofileNRe9pb\\search.json.mozlz4", (void 0)))
1627958097558	Marionette	INFO	Listening on port 56560
1627958097943	Marionette	WARN	TLS certificate errors will be ignored for this session

###!!! [Child][MessageChannel] Error: (msgtype=0x590007,name=PHttpChannel::Msg_RemoveCorsPreflightCacheEntry) Channel closing: too late to send/recv, messages will be lost


###!!! [Child][MessageChannel] Error: (msgtype=0x590008,name=PHttpChannel::Msg_DeletingChannel) Channel closing: too late to send/recv, messages will be lost

1627958243160	Marionette	INFO	Stopped listening on port 56560

###!!! [Child][RunMessage] Error: Channel closing: too late to send/recv, messages will be lost

